<?xml version="1.0" encoding="UTF-8"?>
<testsuite xmlns:xsi="http://www.w3.org/2001/XMLSchema-instance" xsi:noNamespaceSchemaLocation="https://maven.apache.org/surefire/maven-surefire-plugin/xsd/surefire-test-report.xsd" version="3.0.1" name="io.cucumber.junit.platform.engine.CucumberTestEngine" time="124.072" tests="4" errors="0" skipped="1" failures="0">
  <properties>
[...]
</properties>
  <testcase name="new customer successful registration" classname="New customer registration" time="29.72">
    <system-out><![CDATA[
@tag @tag1
Scenario: new customer successful registration                          &amp#27;[90m# src/test/java/featuresHW2/NewCustomerRegistration.feature:34&amp#27;[0m
Creating new Firefox driver instance
Number of open windows: 1
Reusing existing shared driver. Number of open windows: 1
Page title is: Home Page
Finding elements at: https://magento.softwaretestingboard.com/customer/account/create/
  &amp#27;[32mGiven &amp#27;[0m&amp#27;[32muser opens magento shop home page and goes to registration page&amp#27;[0m &amp#27;[90m# testRunner.stepDefinitionsHW2.stepNewCustomerRegTest.user_opens_magento_shop_home_page_and_navigates_to_registration()&amp#27;[0m
Util: Taking screenshot
Util: Taking screenshot
  &amp#27;[32mWhen &amp#27;[0m&amp#27;[32muser register with valid email&amp#27;[0m                                   &amp#27;[90m# testRunner.stepDefinitionsHW2.stepNewCustomerRegTest.user_register_with_valid_email()&amp#27;[0m
Util: Taking screenshot
  &amp#27;[32mThen &amp#27;[0m&amp#27;[32muser is registered succesfully&amp#27;[0m                                   &amp#27;[90m# testRunner.stepDefinitionsHW2.stepNewCustomerRegTest.user_is_registered_succesfully()&amp#27;[0m
Util: Taking screenshot
  &amp#27;[32mAnd &amp#27;[0m&amp#27;[32muser logs out&amp#27;[0m                                                     &amp#27;[90m# testRunner.stepDefinitionsHW2.stepNewCustomerRegTest.user_logs_out()&amp#27;[0m
Quitting shared driver
Quitting provided driver
Quitting provided driver
]]></system-out>
    <system-err><![CDATA[SLF4J: Failed to load class "org.slf4j.impl.StaticLoggerBinder".
SLF4J: Defaulting to no-operation (NOP) logger implementation
SLF4J: See http://www.slf4j.org/codes.html#StaticLoggerBinder for further details.
Apr 21, 2025 1:31:42 PM io.cucumber.junit.platform.engine.DiscoverySelectorResolver warnWhenCucumberFeaturesPropertyIsUsed
WARNING: Discovering tests using the cucumber.features property. Other discovery selectors are ignored!

This is a work around for the limited JUnit 5 support in Maven and Gradle. Please request/upvote/sponsor/ect better support for JUnit 5 discovery selectors. For details see: https://github.com/cucumber/cucumber-jvm/pull/2498

If you are using the JUnit 5 Suite Engine, Platform Launcher API or Console Launcher you should not use this property. Please consult the JUnit 5 documentation on test selection.
]]></system-err>
  </testcase>
  <testcase name="Example #1.1" classname="Examples" time="21.446">
    <system-out><![CDATA[
@tag @tag2
Scenario Outline: customer login                                              &amp#27;[90m# src/test/java/featuresHW2/NewCustomerRegistration.feature:49&amp#27;[0m
Creating new Firefox driver instance
Number of open windows: 1
Reusing existing shared driver. Number of open windows: 1
Page title is: Home Page
Finding elements at: https://magento.softwaretestingboard.com/customer/account/login/referer/aHR0cHM6Ly9tYWdlbnRvLnNvZnR3YXJldGVzdGluZ2JvYXJkLmNvbS8%2C/
  &amp#27;[32mGiven &amp#27;[0m&amp#27;[32muser opens magento shop home page&amp#27;[0m                                     &amp#27;[90m# testRunner.stepDefinitionsHW2.stepNewCustomerRegTest.user_opens_magento_shop_home_page()&amp#27;[0m
Finding elements at: https://magento.softwaretestingboard.com/customer/account/login/
Util: Taking screenshot
Util: Taking screenshot
  &amp#27;[32mWhen &amp#27;[0m&amp#27;[32muser &amp#27;[0m&amp#27;[32m&amp#27;[1m"dgblc"&amp#27;[0m&amp#27;[32m &amp#27;[0m&amp#27;[32m&amp#27;[1m"zgcqbq"&amp#27;[0m&amp#27;[32m logs in with &amp#27;[0m&amp#27;[32m&amp#27;[1m"gqebhqjn@example.com"&amp#27;[0m&amp#27;[32m &amp#27;[0m&amp#27;[32m&amp#27;[1m"c40C4czRNn"&amp#27;[0m &amp#27;[90m# testRunner.stepDefinitionsHW2.stepNewCustomerRegTest.user_logs_in_with_email_password(java.lang.String,java.lang.String,java.lang.String,java.lang.String)&amp#27;[0m
ScreenshooterIntf: Taking screenshot
Util: Taking screenshot
  &amp#27;[32mAnd &amp#27;[0m&amp#27;[32muser opens catalog of mens jackets&amp#27;[0m                                      &amp#27;[90m# testRunner.stepDefinitionsHW2.stepNewCustomerRegTest.user_opens_catalog_of_mens_jackets()&amp#27;[0m
Page title is: Jackets - Tops - Men
Page URL is: https://magento.softwaretestingboard.com/men/tops-men/jackets-men.html
  &amp#27;[32mThen &amp#27;[0m&amp#27;[32muser is on catalogue of men jackets page&amp#27;[0m                               &amp#27;[90m# testRunner.stepDefinitionsHW2.stepNewCustomerRegTest.user_is_on_catalogue_of_men_jackets_page()&amp#27;[0m
Quitting shared driver
Quitting provided driver
Quitting provided driver
]]></system-out>
  </testcase>
  <testcase name="Example #1.1" classname="Examples" time="0.0">
    <skipped message="&apos;cucumber.filter.tags=not ( @tagtest )&apos; did not match this scenario"/>
  </testcase>
  <testcase name="Example #1.1" classname="Examples" time="37.868">
    <system-out><![CDATA[
@tag @tag1
Scenario Outline: sort products by price in descending order and verify the highest price &amp#27;[90m# src/test/java/featuresHW2/ShoppingCartNavigation.feature:65&amp#27;[0m
Creating new Firefox driver instance
Number of open windows: 1
Reusing existing shared driver. Number of open windows: 1
ScreenshooterIntf: Taking screenshot
Util: Taking screenshot
ScreenshooterIntf: Taking screenshot
Util: Taking screenshot
Page title is: Customer Login
  &amp#27;[32mGiven &amp#27;[0m&amp#27;[32muser opens magento shop home page and navigates to login page&amp#27;[0m                     &amp#27;[90m# testRunner.stepDefinitionsHW2.stepShoppingCartNavigation.userOpensMagentoShopHomePage()&amp#27;[0m
ScreenshooterIntf: Taking screenshot
Util: Taking screenshot
Page title is: Home Page
  &amp#27;[32mWhen &amp#27;[0m&amp#27;[32mexisting user &amp#27;[0m&amp#27;[32m&amp#27;[1m"dgblc"&amp#27;[0m&amp#27;[32m &amp#27;[0m&amp#27;[32m&amp#27;[1m"zgcqbq"&amp#27;[0m&amp#27;[32m logs in with &amp#27;[0m&amp#27;[32m&amp#27;[1m"gqebhqjn@example.com"&amp#27;[0m&amp#27;[32m &amp#27;[0m&amp#27;[32m&amp#27;[1m"c40C4czRNn"&amp#27;[0m    &amp#27;[90m# testRunner.stepDefinitionsHW2.stepShoppingCartNavigation.userLogsIn(java.lang.String,java.lang.String,java.lang.String,java.lang.String)&amp#27;[0m
Cart items count: 2
ScreenshooterIntf: Taking screenshot
Util: Taking screenshot
  &amp#27;[32mAnd &amp#27;[0m&amp#27;[32mempty cart&amp#27;[0m                                                                          &amp#27;[90m# testRunner.stepDefinitionsHW2.stepShoppingCartNavigation.emptyCart()&amp#27;[0m
ScreenshooterIntf: Taking screenshot
Util: Taking screenshot
Page title is: Jackets - Tops - Men
Page URL is: https://magento.softwaretestingboard.com/men/tops-men/jackets-men.html
  &amp#27;[32mAnd &amp#27;[0m&amp#27;[32muser navigates to another &amp#27;[0m&amp#27;[32m&amp#27;[1m"Men"&amp#27;[0m&amp#27;[32m &amp#27;[0m&amp#27;[32m&amp#27;[1m"Tops"&amp#27;[0m&amp#27;[32m &amp#27;[0m&amp#27;[32m&amp#27;[1m"Jackets"&amp#27;[0m&amp#27;[32m category&amp#27;[0m                           &amp#27;[90m# testRunner.stepDefinitionsHW2.stepShoppingCartNavigation.userNavigatesToAnotherCategory(java.lang.String,java.lang.String,java.lang.String)&amp#27;[0m
Sorting direction: Set Ascending Direction
ScreenshooterIntf: Taking screenshot
Util: Taking screenshot
Sorting by: Price
ScreenshooterIntf: Taking screenshot
Util: Taking screenshot
  &amp#27;[32mAnd &amp#27;[0m&amp#27;[32muser sorts products by price in descending order&amp#27;[0m                                    &amp#27;[90m# testRunner.stepDefinitionsHW2.stepShoppingCartNavigation.userSortsProductsByPriceInDescendingOrder()&amp#27;[0m
  &amp#27;[32mThen &amp#27;[0m&amp#27;[32mthe first product in the list has the highest price in the category&amp#27;[0m                &amp#27;[90m# testRunner.stepDefinitionsHW2.stepShoppingCartNavigation.theFirstProductInTheListHasTheHighestPriceInTheCategory()&amp#27;[0m
Quitting shared driver
Quitting provided driver
Quitting provided driver
]]></system-out>
  </testcase>
  <testcase name="Example #1.1" classname="Examples" time="32.965">
    <system-out><![CDATA[
@tag @tag2
Scenario Outline: sort products by price in ascending order and search for a product   &amp#27;[90m# src/test/java/featuresHW2/ShoppingCartNavigation.feature:78&amp#27;[0m
Creating new Firefox driver instance
Number of open windows: 1
Reusing existing shared driver. Number of open windows: 1
ScreenshooterIntf: Taking screenshot
Util: Taking screenshot
ScreenshooterIntf: Taking screenshot
Util: Taking screenshot
Page title is: Customer Login
  &amp#27;[32mGiven &amp#27;[0m&amp#27;[32muser opens magento shop home page and navigates to login page&amp#27;[0m                  &amp#27;[90m# testRunner.stepDefinitionsHW2.stepShoppingCartNavigation.userOpensMagentoShopHomePage()&amp#27;[0m
ScreenshooterIntf: Taking screenshot
Util: Taking screenshot
Page title is: Home Page
  &amp#27;[32mWhen &amp#27;[0m&amp#27;[32mexisting user &amp#27;[0m&amp#27;[32m&amp#27;[1m"dgblc"&amp#27;[0m&amp#27;[32m &amp#27;[0m&amp#27;[32m&amp#27;[1m"zgcqbq"&amp#27;[0m&amp#27;[32m logs in with &amp#27;[0m&amp#27;[32m&amp#27;[1m"gqebhqjn@example.com"&amp#27;[0m&amp#27;[32m &amp#27;[0m&amp#27;[32m&amp#27;[1m"c40C4czRNn"&amp#27;[0m &amp#27;[90m# testRunner.stepDefinitionsHW2.stepShoppingCartNavigation.userLogsIn(java.lang.String,java.lang.String,java.lang.String,java.lang.String)&amp#27;[0m
Cart is already empty
ScreenshooterIntf: Taking screenshot
Util: Taking screenshot
  &amp#27;[32mAnd &amp#27;[0m&amp#27;[32mempty cart&amp#27;[0m                                                                       &amp#27;[90m# testRunner.stepDefinitionsHW2.stepShoppingCartNavigation.emptyCart()&amp#27;[0m
ScreenshooterIntf: Taking screenshot
Util: Taking screenshot
Page title is: Jackets - Tops - Men
Page URL is: https://magento.softwaretestingboard.com/men/tops-men/jackets-men.html
  &amp#27;[32mAnd &amp#27;[0m&amp#27;[32muser navigates to another &amp#27;[0m&amp#27;[32m&amp#27;[1m"Men"&amp#27;[0m&amp#27;[32m &amp#27;[0m&amp#27;[32m&amp#27;[1m"Tops"&amp#27;[0m&amp#27;[32m &amp#27;[0m&amp#27;[32m&amp#27;[1m"Jackets"&amp#27;[0m&amp#27;[32m category&amp#27;[0m                        &amp#27;[90m# testRunner.stepDefinitionsHW2.stepShoppingCartNavigation.userNavigatesToAnotherCategory(java.lang.String,java.lang.String,java.lang.String)&amp#27;[0m
Already sorted in Ascending order
Sorting by: Price
ScreenshooterIntf: Taking screenshot
Util: Taking screenshot
  &amp#27;[32mAnd &amp#27;[0m&amp#27;[32muser sorts products by price in ascending order&amp#27;[0m                                  &amp#27;[90m# testRunner.stepDefinitionsHW2.stepShoppingCartNavigation.userSortsProductsByPriceInAscendingOrder()&amp#27;[0m
  &amp#27;[32mThen &amp#27;[0m&amp#27;[32mthe first product in the list has the minimal price in the category&amp#27;[0m             &amp#27;[90m# testRunner.stepDefinitionsHW2.stepShoppingCartNavigation.theFirstProductInTheListHasTheMinimalPriceInTheCategory()&amp#27;[0m
Page title is: Search results for: 'heat'
ScreenshooterIntf: Taking screenshot
Util: Taking screenshot
  &amp#27;[32mWhen &amp#27;[0m&amp#27;[32muser searches for a product by its full or partial title &amp#27;[0m&amp#27;[32m&amp#27;[1m"heat"&amp#27;[0m                 &amp#27;[90m# testRunner.stepDefinitionsHW2.stepShoppingCartNavigation.userSearchesForAProductByItsFullOrPartialTitle(java.lang.String)&amp#27;[0m
Product titles: 12 limit check to TOP3
  &amp#27;[32mThen &amp#27;[0m&amp#27;[32mthe &amp#27;[0m&amp#27;[32m&amp#27;[1m3&amp#27;[0m&amp#27;[32m product found contains the text &amp#27;[0m&amp#27;[32m&amp#27;[1m"heat"&amp#27;[0m                                    &amp#27;[90m# testRunner.stepDefinitionsHW2.stepShoppingCartNavigation.theProductFoundContainsTheText(int,java.lang.String)&amp#27;[0m
Quitting shared driver
Quitting provided driver
Quitting provided driver
]]></system-out>
  </testcase>
  <testcase name="Example #1.1" classname="Examples" time="53.203">
    <system-out><![CDATA[
@tag @tag3
Scenario Outline: Add products to the cart and verify cart updates                         &amp#27;[90m# src/test/java/featuresHW2/ShoppingCartNavigation.feature:93&amp#27;[0m
Creating new Firefox driver instance
Number of open windows: 1
Reusing existing shared driver. Number of open windows: 1
ScreenshooterIntf: Taking screenshot
Util: Taking screenshot
ScreenshooterIntf: Taking screenshot
Util: Taking screenshot
Page title is: Customer Login
  &amp#27;[32mGiven &amp#27;[0m&amp#27;[32muser opens magento shop home page and navigates to login page&amp#27;[0m                      &amp#27;[90m# testRunner.stepDefinitionsHW2.stepShoppingCartNavigation.userOpensMagentoShopHomePage()&amp#27;[0m
ScreenshooterIntf: Taking screenshot
Util: Taking screenshot
Page title is: Home Page
  &amp#27;[32mWhen &amp#27;[0m&amp#27;[32mexisting user &amp#27;[0m&amp#27;[32m&amp#27;[1m"dgblc"&amp#27;[0m&amp#27;[32m &amp#27;[0m&amp#27;[32m&amp#27;[1m"zgcqbq"&amp#27;[0m&amp#27;[32m logs in with &amp#27;[0m&amp#27;[32m&amp#27;[1m"gqebhqjn@example.com"&amp#27;[0m&amp#27;[32m &amp#27;[0m&amp#27;[32m&amp#27;[1m"c40C4czRNn"&amp#27;[0m     &amp#27;[90m# testRunner.stepDefinitionsHW2.stepShoppingCartNavigation.userLogsIn(java.lang.String,java.lang.String,java.lang.String,java.lang.String)&amp#27;[0m
Cart is already empty
ScreenshooterIntf: Taking screenshot
Util: Taking screenshot
  &amp#27;[32mAnd &amp#27;[0m&amp#27;[32mempty cart&amp#27;[0m                                                                           &amp#27;[90m# testRunner.stepDefinitionsHW2.stepShoppingCartNavigation.emptyCart()&amp#27;[0m
ScreenshooterIntf: Taking screenshot
Util: Taking screenshot
Page title is: Jackets - Tops - Men
Page URL is: https://magento.softwaretestingboard.com/men/tops-men/jackets-men.html
  &amp#27;[32mAnd &amp#27;[0m&amp#27;[32muser navigates to another &amp#27;[0m&amp#27;[32m&amp#27;[1m"Men"&amp#27;[0m&amp#27;[32m &amp#27;[0m&amp#27;[32m&amp#27;[1m"Tops"&amp#27;[0m&amp#27;[32m &amp#27;[0m&amp#27;[32m&amp#27;[1m"Jackets"&amp#27;[0m&amp#27;[32m category&amp#27;[0m                            &amp#27;[90m# testRunner.stepDefinitionsHW2.stepShoppingCartNavigation.userNavigatesToAnotherCategory(java.lang.String,java.lang.String,java.lang.String)&amp#27;[0m
Sorting direction: Set Ascending Direction
ScreenshooterIntf: Taking screenshot
Util: Taking screenshot
Sorting by: Price
ScreenshooterIntf: Taking screenshot
Util: Taking screenshot
scrolled to product details: Lando Gym Jacket
Rating:
67%
3 Reviews
As low as $99.00
XS
S
M
L
XL
Add to Cart
ADD TO WISH LIST
ADD TO COMPARE
Focused on btn: Add to Cart
ScreenshooterIntf: Taking screenshot
Util: Taking screenshot
  &amp#27;[32mAnd &amp#27;[0m&amp#27;[32muser adds the product with the maximum price to the cart&amp#27;[0m                             &amp#27;[90m# testRunner.stepDefinitionsHW2.stepShoppingCartNavigation.userAddsTheProductWithTheMaximumPriceToTheCart()&amp#27;[0m
Sorting direction: Set Descending Direction
ScreenshooterIntf: Taking screenshot
Util: Taking screenshot
Already sorted by Price
scrolled to product details: Beaumont Summit Kit
Rating:
90%
2 Reviews
As low as $42.00
XS
S
M
L
XL
Add to Cart
ADD TO WISH LIST
ADD TO COMPARE
Focused on btn: Add to Cart
ScreenshooterIntf: Taking screenshot
Util: Taking screenshot
  &amp#27;[32mAnd &amp#27;[0m&amp#27;[32muser adds the product with the minimal price to the cart&amp#27;[0m                             &amp#27;[90m# testRunner.stepDefinitionsHW2.stepShoppingCartNavigation.userAddsTheProductWithTheMinimalPriceToTheCart()&amp#27;[0m
Page title is: Search results for: 'Wayfarer'
ScreenshooterIntf: Taking screenshot
Util: Taking screenshot
  &amp#27;[32mWhen &amp#27;[0m&amp#27;[32muser searches for a product by its full or partial title &amp#27;[0m&amp#27;[32m&amp#27;[1m"Wayfarer"&amp#27;[0m                 &amp#27;[90m# testRunner.stepDefinitionsHW2.stepShoppingCartNavigation.userSearchesForAProductByItsFullOrPartialTitle(java.lang.String)&amp#27;[0m
Product titles: 1 limit check to TOP1
scrolled to product details: Wayfarer Messenger Bag
Rating:
67%
3 Reviews
$45.00
Add to Cart
ADD TO WISH LIST
ADD TO COMPARE
Focused on btn: Add to Cart
Product does not have attribute: size
Product does not have attribute: color
ScreenshooterIntf: Taking screenshot
Util: Taking screenshot
  &amp#27;[32mAnd &amp#27;[0m&amp#27;[32muser adds the found product &amp#27;[0m&amp#27;[32m&amp#27;[1m"Wayfarer"&amp#27;[0m&amp#27;[32m to the cart&amp#27;[0m                                   &amp#27;[90m# testRunner.stepDefinitionsHW2.stepShoppingCartNavigation.userAddsTheFoundProductToTheCart(java.lang.String)&amp#27;[0m
Item title: Wayfarer Messenger Bag, price: 45.0
Item title: Beaumont Summit Kit, price: 42.0
Item title: Wayfarer Messenger Bag, price: 45.0
Item title: Beaumont Summit Kit, price: 42.0
Item title: Lando Gym Jacket, price: 99.0
Item title: Wayfarer Messenger Bag, price: 45.0
  &amp#27;[32mThen &amp#27;[0m&amp#27;[32mthe cart is updated correctly with the added products by title, quantity, and price&amp#27;[0m &amp#27;[90m# testRunner.stepDefinitionsHW2.stepShoppingCartNavigation.theCartIsUpdatedCorrectlyWithTheAddedProductsByTitleQuantityAndPrice()&amp#27;[0m
Quitting shared driver
Quitting provided driver
Quitting provided driver
]]></system-out>
  </testcase>
  <testcase name="Example #1.2" classname="Examples" time="20.206">
    <system-out><![CDATA[
@tag @tag2
Scenario Outline: customer login                                              &amp#27;[90m# src/test/java/featuresHW2/NewCustomerRegistration.feature:50&amp#27;[0m
Creating new Firefox driver instance
Number of open windows: 1
Reusing existing shared driver. Number of open windows: 1
Page title is: Home Page
Finding elements at: https://magento.softwaretestingboard.com/customer/account/login/referer/aHR0cHM6Ly9tYWdlbnRvLnNvZnR3YXJldGVzdGluZ2JvYXJkLmNvbS8%2C/
  &amp#27;[32mGiven &amp#27;[0m&amp#27;[32muser opens magento shop home page&amp#27;[0m                                     &amp#27;[90m# testRunner.stepDefinitionsHW2.stepNewCustomerRegTest.user_opens_magento_shop_home_page()&amp#27;[0m
Finding elements at: https://magento.softwaretestingboard.com/customer/account/login/
Util: Taking screenshot
Util: Taking screenshot
  &amp#27;[32mWhen &amp#27;[0m&amp#27;[32muser &amp#27;[0m&amp#27;[32m&amp#27;[1m"msnxx"&amp#27;[0m&amp#27;[32m &amp#27;[0m&amp#27;[32m&amp#27;[1m"dgirpk"&amp#27;[0m&amp#27;[32m logs in with &amp#27;[0m&amp#27;[32m&amp#27;[1m"tbrjpkos@example.com"&amp#27;[0m&amp#27;[32m &amp#27;[0m&amp#27;[32m&amp#27;[1m"i#$E*I&_v["&amp#27;[0m &amp#27;[90m# testRunner.stepDefinitionsHW2.stepNewCustomerRegTest.user_logs_in_with_email_password(java.lang.String,java.lang.String,java.lang.String,java.lang.String)&amp#27;[0m
ScreenshooterIntf: Taking screenshot
Util: Taking screenshot
  &amp#27;[32mAnd &amp#27;[0m&amp#27;[32muser opens catalog of mens jackets&amp#27;[0m                                      &amp#27;[90m# testRunner.stepDefinitionsHW2.stepNewCustomerRegTest.user_opens_catalog_of_mens_jackets()&amp#27;[0m
Page title is: Jackets - Tops - Men
Page URL is: https://magento.softwaretestingboard.com/men/tops-men/jackets-men.html
  &amp#27;[32mThen &amp#27;[0m&amp#27;[32muser is on catalogue of men jackets page&amp#27;[0m                               &amp#27;[90m# testRunner.stepDefinitionsHW2.stepNewCustomerRegTest.user_is_on_catalogue_of_men_jackets_page()&amp#27;[0m
Quitting shared driver
Quitting provided driver
Quitting provided driver
]]></system-out>
  </testcase>
</testsuite>